<?xml version="1.0" encoding="UTF-8"?>
<testng-results ignored="0" total="1" passed="1" failed="0" skipped="0">
  <reporter-output>
  </reporter-output>
  <suite started-at="2021-10-25T10:37:30 CEST" name="Suite1" finished-at="2021-10-25T10:37:30 CEST" duration-ms="28">
    <groups>
    </groups>
    <test started-at="2021-10-25T10:37:30 CEST" name="test1" finished-at="2021-10-25T10:37:30 CEST" duration-ms="28">
      <class name="test_001.Runner">
        <test-method signature="parameterTest(java.lang.String)[pri:0, instance:test_001.Runner@3d36e4cd]" started-at="2021-10-25T10:37:30 CEST" name="parameterTest" finished-at="2021-10-25T10:37:30 CEST" duration-ms="2" status="PASS">
          <params>
            <param index="0">
              <value>
                <![CDATA[manisha]]>
              </value>
            </param>
          </params>
          <reporter-output>
          </reporter-output>
        </test-method> <!-- parameterTest -->
      </class> <!-- test_001.Runner -->
    </test> <!-- test1 -->
  </suite> <!-- Suite1 -->
</testng-results>
